2021-04-18 21:57:40,163 INFO __threaded_polling - Started polling.
2021-04-18 21:57:57,795 INFO query_handler - ilimsk
2021-04-18 21:57:59,531 INFO query_handler - outflow
2021-04-18 21:58:01,552 INFO query_handler - fixed&10000
2021-04-19 07:31:12,709 INFO query_handler - kras
2021-04-19 07:31:14,999 INFO query_handler - levels
2021-04-19 07:31:16,427 INFO query_handler - fixed&30
2021-04-19 10:45:48,449 INFO query_handler - kras
2021-04-19 10:45:51,488 INFO query_handler - inflow
2021-04-19 10:45:53,771 INFO query_handler - fixed&183
2021-04-19 10:46:20,025 INFO query_handler - sayany
2021-04-19 10:46:21,680 INFO query_handler - back_to_reservoirs
2021-04-19 10:46:23,432 INFO query_handler - mayna
2021-04-19 10:46:25,911 INFO query_handler - levels
2021-04-19 10:46:28,058 INFO query_handler - back_to_commands
2021-04-19 10:46:45,014 INFO query_handler - back_to_reservoirs
2021-04-19 10:46:54,139 INFO query_handler - bratsk
2021-04-19 10:46:56,631 INFO query_handler - inflow
2021-04-19 10:46:59,595 INFO query_handler - fixed&10000
2021-04-19 10:47:17,307 INFO query_handler - kras
2021-04-19 10:47:19,756 INFO query_handler - outflow
2021-04-19 10:47:21,563 INFO query_handler - manually
2021-04-19 10:47:24,971 ERROR manually_input_step - IndexError('list index out of range')
2021-04-19 10:47:33,057 ERROR manually_input_step - IndexError('list index out of range')
2021-04-19 10:47:39,974 ERROR manually_input_step - ValueError("time data '12.13.2020' does not match format '%d.%m.%Y'")
2021-04-19 10:47:57,174 ERROR manually_input_step - ValueError("time data '12.19.2020' does not match format '%d.%m.%Y'")
2021-04-19 10:48:13,375 ERROR manually_input_step - ValueError("time data '33.12.2000' does not match format '%d.%m.%Y'")
2021-04-19 15:15:24,381 ERROR manually_input_step - IndexError('list index out of range')
2021-04-19 15:15:41,797 ERROR manually_input_step - IndexError('list index out of range')
2021-04-19 15:16:07,000 INFO query_handler - sayany
2021-04-19 15:16:09,137 INFO query_handler - levels
2021-04-19 15:16:12,002 INFO query_handler - fixed&30
2021-04-19 15:16:25,220 INFO query_handler - sayany
2021-04-19 15:16:29,632 INFO query_handler - inflow
2021-04-19 15:16:32,235 INFO query_handler - fixed&30
2021-04-19 15:16:44,909 INFO query_handler - sayany
2021-04-19 15:16:47,092 INFO query_handler - outflow
2021-04-19 15:16:49,218 INFO query_handler - fixed&30
2021-04-20 21:44:57,929 INFO __threaded_polling - Started polling.
2021-04-20 21:45:20,376 INFO query_handler - sayany
2021-04-20 21:45:22,896 INFO query_handler - inflow
2021-04-20 21:45:25,596 INFO query_handler - fixed&183
2021-04-20 22:39:51,381 INFO query_handler - sayany
2021-04-20 22:39:55,417 INFO query_handler - outflow
2021-04-20 22:39:57,102 INFO query_handler - fixed&183
2021-04-20 22:40:22,218 INFO query_handler - sayany
2021-04-20 22:40:24,907 INFO query_handler - levels
2021-04-20 22:40:26,477 INFO query_handler - fixed&183
2021-04-20 22:40:51,966 INFO query_handler - sayany
2021-04-20 22:40:54,533 INFO query_handler - levels
2021-04-20 22:40:57,558 INFO query_handler - manually
2021-04-20 22:41:17,949 INFO query_handler - sayany
2021-04-20 22:41:20,752 INFO query_handler - levels
2021-04-20 22:41:22,801 INFO query_handler - manually
2021-04-20 22:42:16,716 INFO query_handler - boguchany
2021-04-20 22:42:18,985 INFO query_handler - back_to_reservoirs
2021-04-20 22:42:20,358 INFO query_handler - bratsk
2021-04-20 22:42:27,830 INFO query_handler - inflow
2021-04-20 22:42:29,888 INFO query_handler - fixed&183
2021-04-20 22:42:48,725 INFO query_handler - bratsk
2021-04-20 22:43:22,554 INFO query_handler - levels
2021-04-20 22:43:24,161 INFO query_handler - fixed&183
2021-04-21 18:10:36,295 INFO __threaded_polling - Started polling.
2021-04-22 16:33:08,032 INFO query_handler - bratsk
2021-04-22 16:33:11,846 INFO query_handler - levels
2021-04-22 16:33:13,607 INFO query_handler - fixed&10000
2021-04-22 16:33:26,557 INFO query_handler - sayany
2021-04-22 16:33:29,485 INFO query_handler - levels
2021-04-22 16:33:31,379 INFO query_handler - fixed&365
2021-04-22 16:53:39,580 INFO query_handler - sayany
2021-04-22 16:53:44,156 INFO query_handler - inflow
2021-04-22 16:53:47,928 INFO query_handler - fixed&183
2021-04-24 00:25:20,068 INFO query_handler - sayany
2021-04-24 00:25:22,461 INFO query_handler - inflow
2021-04-24 00:25:24,652 INFO query_handler - fixed&10000
2021-04-24 00:25:42,133 INFO query_handler - sayany
2021-04-24 00:25:44,573 INFO query_handler - levels
2021-04-24 00:25:46,404 INFO query_handler - fixed&30
2021-04-24 00:25:55,401 INFO query_handler - sayany
2021-04-24 00:26:03,996 INFO query_handler - outflow
2021-04-24 00:26:28,603 INFO query_handler - fixed&10000
2021-04-26 13:00:15,224 INFO query_handler - sayany
2021-04-26 13:00:20,443 INFO query_handler - inflow
2021-04-26 13:00:24,010 INFO query_handler - fixed&10000
2021-04-26 13:01:37,099 INFO query_handler - sayany
2021-04-26 13:01:48,482 INFO query_handler - levels
2021-04-26 13:01:50,336 INFO query_handler - fixed&30
2021-04-26 13:02:05,217 INFO query_handler - sayany
2021-04-26 13:02:07,887 INFO query_handler - levels
2021-04-26 13:02:10,149 INFO query_handler - fixed&183
2021-04-26 13:02:32,992 INFO query_handler - sayany
2021-04-26 13:02:35,069 INFO query_handler - levels
2021-04-26 13:02:43,197 INFO query_handler - fixed&365
2021-04-26 13:02:54,748 INFO query_handler - sayany
2021-04-26 13:03:03,330 INFO query_handler - info
2021-04-26 16:55:19,318 INFO query_handler - bratsk
2021-04-26 16:55:25,589 INFO query_handler - back_to_reservoirs
2021-04-26 16:55:27,998 INFO query_handler - bratsk
2021-04-26 16:55:31,333 INFO query_handler - levels
2021-04-26 16:55:33,473 INFO query_handler - fixed&365
2021-04-26 16:55:43,071 INFO query_handler - bratsk
2021-04-26 16:55:48,565 INFO query_handler - inflow
2021-04-26 16:55:51,358 INFO query_handler - fixed&10000
2021-04-27 16:43:09,453 INFO query_handler - kras
2021-04-27 16:43:12,353 INFO query_handler - levels
2021-04-27 16:43:14,671 INFO query_handler - fixed&365
2021-04-28 09:43:11,209 INFO query_handler - bratsk
2021-04-28 09:43:17,533 INFO query_handler - inflow
2021-04-28 09:43:19,445 INFO query_handler - fixed&183
2021-04-29 12:45:03,277 INFO query_handler - sayany
2021-04-29 12:45:05,512 INFO query_handler - inflow
2021-04-29 12:45:07,303 INFO query_handler - fixed&183
2021-04-29 15:37:20,883 INFO query_handler - inflow
2021-04-29 22:32:36,188 INFO __threaded_polling - Started polling.
2021-04-30 11:50:04,530 INFO query_handler - sayany
2021-04-30 11:50:07,454 INFO query_handler - inflow
2021-04-30 11:50:09,346 INFO query_handler - fixed&365
2021-04-30 11:50:36,158 INFO query_handler - kras
2021-04-30 11:50:38,071 INFO query_handler - inflow
2021-04-30 11:50:39,804 INFO query_handler - fixed&365
2021-05-01 21:29:07,324 INFO query_handler - sayany
2021-05-01 21:29:09,559 INFO query_handler - levels
2021-05-01 21:29:12,993 INFO query_handler - fixed&183
2021-05-03 16:40:40,180 INFO __threaded_polling - Started polling.
2021-05-03 16:42:30,519 INFO __threaded_polling - Started polling.
2021-05-04 09:31:24,147 INFO query_handler - sayany
2021-05-04 09:31:26,189 INFO query_handler - inflow
2021-05-04 09:31:28,665 INFO query_handler - fixed&365
2021-05-04 15:03:44,652 INFO query_handler - sayany
2021-05-04 15:03:50,848 INFO query_handler - inflow
2021-05-04 15:03:52,653 INFO query_handler - fixed&365
2021-05-06 23:40:14,770 INFO __threaded_polling - Started polling.
2021-05-10 15:45:45,647 INFO query_handler - sayany
2021-05-10 15:45:48,063 INFO query_handler - inflow
2021-05-10 15:45:50,351 INFO query_handler - fixed&183
2021-05-10 15:46:10,800 INFO query_handler - sayany
2021-05-10 15:46:13,254 INFO query_handler - levels
2021-05-10 15:46:15,270 INFO query_handler - fixed&183
2021-05-11 09:47:10,241 INFO query_handler - kras
2021-05-11 09:47:12,735 INFO query_handler - inflow
2021-05-11 09:47:14,463 INFO query_handler - fixed&365
2021-05-11 09:57:08,972 INFO query_handler - bratsk
2021-05-11 09:57:11,457 INFO query_handler - inflow
2021-05-11 09:57:13,050 INFO query_handler - fixed&10000
2021-05-11 11:39:23,807 INFO query_handler - sayany
2021-05-11 11:39:29,720 INFO query_handler - outflow
2021-05-11 11:39:31,801 INFO query_handler - fixed&10000
2021-05-11 11:39:59,123 INFO query_handler - mayna
2021-05-11 11:40:01,420 INFO query_handler - levels
2021-05-11 11:40:05,460 INFO query_handler - fixed&183
2021-05-11 14:25:55,240 INFO query_handler - sayany
2021-05-11 14:25:57,277 INFO query_handler - levels
2021-05-11 14:25:59,271 INFO query_handler - back_to_commands
2021-05-11 14:26:01,258 INFO query_handler - inflow
2021-05-11 14:26:03,294 INFO query_handler - fixed&10000
2021-05-11 14:26:12,196 INFO query_handler - kras
2021-05-11 14:26:14,011 INFO query_handler - outflow
2021-05-11 14:26:15,475 INFO query_handler - back_to_commands
2021-05-11 14:26:16,888 INFO query_handler - inflow
2021-05-11 14:26:19,840 INFO query_handler - fixed&10000
2021-05-11 14:26:33,069 INFO query_handler - sayany
2021-05-11 14:26:34,399 INFO query_handler - back_to_reservoirs
2021-05-11 14:26:36,459 INFO query_handler - kras
2021-05-11 14:26:40,090 INFO query_handler - levels
2021-05-11 14:26:43,868 INFO query_handler - fixed&183
2021-05-11 14:26:59,636 INFO query_handler - kras
2021-05-11 14:27:03,009 INFO query_handler - levels
2021-05-11 14:27:06,665 INFO query_handler - fixed&365
2021-05-14 18:29:48,820 INFO __threaded_polling - Started polling.
2021-05-14 18:33:04,536 INFO __threaded_polling - Started polling.
2021-05-14 18:35:20,233 INFO __threaded_polling - Started polling.
2021-05-14 18:35:53,599 INFO __threaded_polling - Started polling.
2021-05-14 18:38:00,040 INFO __threaded_polling - Started polling.
2021-05-14 18:42:38,639 INFO __threaded_polling - Started polling.
2021-05-14 19:39:47,611 INFO query_handler - kras
2021-05-14 19:40:04,203 INFO query_handler - inflow
2021-05-14 19:40:10,365 INFO query_handler - fixed&183
2021-05-14 19:41:30,679 INFO query_handler - kras
2021-05-14 19:41:34,107 INFO query_handler - levels
2021-05-14 19:41:35,674 INFO query_handler - fixed&365
2021-05-14 19:51:36,622 INFO __threaded_polling - Started polling.
2021-05-14 19:53:18,681 INFO __threaded_polling - Started polling.
2021-05-14 19:53:50,738 INFO __threaded_polling - Started polling.
2021-05-14 19:54:25,843 INFO __threaded_polling - Started polling.
2021-05-14 19:54:26,245 INFO query_handler - sayany
2021-05-14 19:54:29,792 INFO query_handler - inflow
2021-05-14 19:54:31,643 INFO query_handler - fixed&10000
2021-05-14 19:55:12,080 INFO __threaded_polling - Started polling.
2021-05-14 19:55:19,419 INFO query_handler - sayany
2021-05-14 19:55:20,909 INFO query_handler - levels
2021-05-14 19:55:53,277 INFO __threaded_polling - Started polling.
2021-05-14 19:55:53,682 INFO query_handler - fixed&183
2021-05-14 19:55:53,683 INFO query_handler - fixed&183
2021-05-14 19:55:54,670 ERROR __threaded_polling - A request to the Telegram API was unsuccessful. Error code: 400. Description: Bad Request: query is too old and response timeout expired or query ID is invalid
2021-05-14 19:55:54,672 INFO __threaded_polling - Exception occurred. Stopping.
2021-05-14 19:55:54,674 INFO __threaded_polling - Stopped polling.
2021-05-14 19:55:54,675 INFO __threaded_polling - Started polling.
2021-05-14 20:00:24,569 INFO __threaded_polling - Started polling.
2021-05-14 20:01:46,753 INFO __threaded_polling - Started polling.
2021-05-14 20:02:19,156 INFO __threaded_polling - Started polling.
2021-05-14 20:02:55,125 INFO __threaded_polling - Started polling.
2021-05-14 20:07:17,023 INFO __threaded_polling - Started polling.
2021-05-16 20:43:25,732 INFO query_handler - sayany
2021-05-16 20:43:27,905 INFO query_handler - inflow
2021-05-16 20:43:29,722 INFO query_handler - fixed&183
2021-05-17 14:57:42,256 INFO query_handler - sayany
2021-05-17 14:57:45,227 INFO query_handler - inflow
2021-05-17 14:57:47,031 INFO query_handler - fixed&183
2021-05-17 14:58:08,514 INFO query_handler - sayany
2021-05-17 14:58:11,881 INFO query_handler - levels
2021-05-17 14:58:14,078 INFO query_handler - fixed&183
2021-05-18 00:51:11,898 INFO query_handler - kras
2021-05-18 00:51:14,707 INFO query_handler - outflow
2021-05-18 00:51:16,728 INFO query_handler - fixed&183
2021-05-18 16:19:57,479 INFO query_handler - kras
2021-05-18 16:20:04,460 INFO query_handler - outflow
2021-05-18 16:20:06,522 INFO query_handler - fixed&10000
2021-05-18 16:20:20,201 INFO query_handler - kras
2021-05-18 16:20:22,245 INFO query_handler - inflow
2021-05-18 16:20:24,283 INFO query_handler - fixed&10000
2021-05-18 16:20:36,123 INFO query_handler - kras
2021-05-18 16:20:38,193 INFO query_handler - levels
2021-05-18 16:20:41,679 INFO query_handler - fixed&183
2021-05-18 16:20:59,184 INFO query_handler - kras
2021-05-18 16:21:01,121 INFO query_handler - levels
2021-05-18 16:21:03,065 INFO query_handler - fixed&365
2021-05-19 12:59:33,130 INFO query_handler - sayany
2021-05-19 12:59:35,575 INFO query_handler - inflow
2021-05-19 12:59:37,510 INFO query_handler - fixed&365
2021-05-19 16:53:04,984 INFO query_handler - bratsk
2021-05-19 16:53:15,136 INFO query_handler - levels
2021-05-19 16:53:17,671 INFO query_handler - fixed&10000
2021-05-19 16:53:39,221 INFO query_handler - bratsk
2021-05-19 16:53:40,913 INFO query_handler - inflow
2021-05-19 16:53:44,959 INFO query_handler - fixed&365
2021-05-19 20:59:24,773 INFO query_handler - sayany
2021-05-19 20:59:31,418 INFO query_handler - inflow
2021-05-19 20:59:38,418 INFO query_handler - fixed&10000
2021-05-19 20:59:51,285 INFO query_handler - sayany
2021-05-19 20:59:59,989 INFO query_handler - inflow
2021-05-19 21:00:02,881 INFO query_handler - fixed&365
2021-05-19 21:00:35,855 INFO query_handler - sayany
2021-05-19 21:00:39,800 INFO query_handler - outflow
2021-05-19 21:00:42,374 INFO query_handler - fixed&365
2021-05-20 08:10:18,960 ERROR __threaded_polling - A request to the Telegram API was unsuccessful. Error code: 502. Description: Bad Gateway
2021-05-20 08:10:18,963 INFO __threaded_polling - Exception occurred. Stopping.
2021-05-20 08:10:18,966 INFO __threaded_polling - Stopped polling.
2021-05-20 08:10:18,967 INFO __threaded_polling - Started polling.
2021-05-20 08:10:19,350 ERROR __threaded_polling - A request to the Telegram API was unsuccessful. Error code: 502. Description: Bad Gateway
2021-05-20 08:10:19,353 INFO __threaded_polling - Exception occurred. Stopping.
2021-05-20 08:10:19,355 INFO __threaded_polling - Stopped polling.
2021-05-20 08:10:19,356 INFO __threaded_polling - Started polling.
2021-05-20 08:10:19,756 ERROR __threaded_polling - A request to the Telegram API was unsuccessful. Error code: 502. Description: Bad Gateway
2021-05-20 08:10:19,759 INFO __threaded_polling - Exception occurred. Stopping.
2021-05-20 08:10:19,761 INFO __threaded_polling - Stopped polling.
2021-05-20 08:10:19,763 INFO __threaded_polling - Started polling.
2021-05-21 18:04:38,775 INFO __threaded_polling - Started polling.
2021-05-21 18:09:02,950 INFO __threaded_polling - Started polling.
2021-05-21 18:09:38,143 INFO __threaded_polling - Started polling.
2021-05-21 18:25:48,106 INFO __threaded_polling - Started polling.
2021-05-21 18:26:24,247 INFO __threaded_polling - Started polling.
2021-05-21 18:27:03,593 INFO __threaded_polling - Started polling.
2021-05-21 18:31:20,370 INFO __threaded_polling - Started polling.
2021-05-21 18:46:36,086 INFO __threaded_polling - Started polling.
2021-05-21 18:47:20,154 INFO __threaded_polling - Started polling.
2021-05-21 20:29:13,610 INFO __threaded_polling - Started polling.
2021-05-21 20:29:50,492 INFO __threaded_polling - Started polling.
2021-05-21 20:31:01,134 INFO __threaded_polling - Started polling.
2021-05-21 20:33:05,392 INFO __threaded_polling - Started polling.
2021-05-22 00:15:44,529 INFO __threaded_polling - Started polling.
2021-05-22 00:18:54,247 INFO __threaded_polling - Started polling.
2021-05-22 00:26:56,799 INFO __threaded_polling - Started polling.
2021-05-22 01:15:01,585 INFO query_handler - sayany
2021-05-22 01:15:03,919 INFO query_handler - levels
2021-05-22 01:15:05,639 INFO query_handler - fixed&183
2021-05-22 01:15:17,836 INFO query_handler - kras
2021-05-22 01:15:19,872 INFO query_handler - levels
2021-05-22 01:15:21,504 INFO query_handler - fixed&183
2021-05-22 01:15:32,373 INFO query_handler - kras
2021-05-22 01:15:36,446 INFO query_handler - inflow
2021-05-22 01:15:46,944 INFO query_handler - fixed&183
2021-05-22 01:16:00,620 INFO query_handler - kras
2021-05-22 01:16:02,951 INFO query_handler - outflow
2021-05-22 01:16:05,343 INFO query_handler - fixed&183
2021-05-22 11:30:50,822 INFO query_handler - sayany
2021-05-22 11:30:53,843 INFO query_handler - inflow
2021-05-22 11:30:57,540 INFO query_handler - fixed&30
2021-05-23 23:00:35,938 INFO query_handler - sayany
2021-05-23 23:00:38,530 INFO query_handler - inflow
2021-05-23 23:00:40,315 INFO query_handler - fixed&10000
2021-05-24 13:33:54,632 INFO query_handler - kras
2021-05-24 13:34:05,302 INFO query_handler - inflow
2021-05-24 13:34:08,563 INFO query_handler - fixed&10000
2021-05-24 13:35:26,784 INFO query_handler - kras
2021-05-24 13:35:56,466 INFO query_handler - levels
2021-05-24 13:36:02,450 INFO query_handler - fixed&10000
2021-05-24 13:36:10,432 INFO query_handler - kras
2021-05-24 13:36:12,294 INFO query_handler - levels
2021-05-24 13:36:16,480 INFO query_handler - fixed&183
2021-05-24 14:07:01,093 INFO query_handler - kras
2021-05-24 14:07:02,817 INFO query_handler - inflow
2021-05-24 14:07:05,066 INFO query_handler - fixed&10000
2021-05-24 14:07:16,010 INFO query_handler - kras
2021-05-24 14:07:19,772 INFO query_handler - levels
2021-05-24 14:07:22,679 INFO query_handler - fixed&30
2021-05-26 07:13:58,853 INFO query_handler - sayany
2021-05-26 07:14:00,807 INFO query_handler - inflow
2021-05-26 07:14:02,295 INFO query_handler - fixed&10000
2021-05-26 12:00:44,732 INFO query_handler - sayany
2021-05-26 12:00:47,764 INFO query_handler - levels
2021-05-26 12:00:49,840 INFO query_handler - fixed&183
2021-05-26 13:08:25,734 INFO query_handler - kras
2021-05-26 13:08:28,038 INFO query_handler - inflow
2021-05-26 13:08:29,852 INFO query_handler - fixed&30
2021-05-27 13:16:10,727 INFO query_handler - sayany
2021-05-27 13:16:15,726 INFO query_handler - inflow
2021-05-27 13:16:19,426 INFO query_handler - fixed&10000
2021-05-28 12:16:14,952 INFO query_handler - sayany
2021-05-28 12:16:16,885 INFO query_handler - inflow
2021-05-28 12:16:19,071 INFO query_handler - fixed&10000
2021-05-28 16:53:33,481 INFO query_handler - sayany
2021-05-28 16:53:35,663 INFO query_handler - inflow
2021-05-28 16:53:38,131 INFO query_handler - fixed&10000
2021-05-28 21:17:55,026 INFO query_handler - sayany
2021-05-28 21:17:58,087 INFO query_handler - levels
2021-05-28 21:18:00,904 INFO query_handler - fixed&30
2021-05-30 12:31:20,364 INFO query_handler - kras
2021-05-30 12:31:23,060 INFO query_handler - outflow
2021-05-30 12:31:25,526 INFO query_handler - fixed&183
2021-05-30 12:31:36,298 INFO query_handler - sayany
2021-05-30 12:31:40,143 INFO query_handler - outflow
2021-05-30 12:31:42,395 INFO query_handler - fixed&10000
2021-05-31 08:19:40,973 INFO query_handler - mayna
2021-05-31 08:19:46,191 INFO query_handler - outflow
2021-05-31 08:19:48,085 INFO query_handler - fixed&10000
2021-05-31 08:20:08,746 INFO query_handler - mayna
2021-05-31 08:20:11,674 INFO query_handler - outflow
2021-05-31 08:20:14,896 INFO query_handler - fixed&7
2021-05-31 08:23:54,609 INFO query_handler - mayna
2021-05-31 08:24:01,004 INFO query_handler - levels
2021-05-31 08:24:02,295 INFO query_handler - fixed&183
2021-05-31 13:23:10,148 INFO query_handler - sayany
2021-05-31 13:23:12,545 INFO query_handler - inflow
2021-05-31 13:23:14,566 INFO query_handler - fixed&183
2021-06-01 11:50:31,905 INFO query_handler - kras
2021-06-01 11:50:35,425 INFO query_handler - levels
2021-06-01 11:50:36,900 INFO query_handler - fixed&183
2021-06-01 11:50:48,475 INFO query_handler - kras
2021-06-01 11:50:50,033 INFO query_handler - inflow
2021-06-01 11:50:51,479 INFO query_handler - back_to_commands
2021-06-01 11:50:52,808 INFO query_handler - levels
2021-06-01 11:50:54,701 INFO query_handler - fixed&365
2021-06-01 12:18:51,680 INFO query_handler - mayna
2021-06-01 12:18:53,893 INFO query_handler - outflow
2021-06-01 12:18:56,782 INFO query_handler - fixed&30
2021-06-01 12:19:17,774 INFO query_handler - mayna
2021-06-01 12:19:19,596 INFO query_handler - outflow
2021-06-01 12:19:21,441 INFO query_handler - fixed&7
2021-06-01 16:46:14,853 INFO query_handler - sayany
2021-06-01 16:46:20,103 INFO query_handler - levels
2021-06-01 16:46:24,593 INFO query_handler - manually
2021-06-01 16:47:16,884 INFO query_handler - sayany
2021-06-01 16:47:18,683 INFO query_handler - levels
2021-06-01 16:47:20,452 INFO query_handler - fixed&365
2021-06-01 16:55:18,212 INFO query_handler - kras
2021-06-01 16:55:21,298 INFO query_handler - levels
2021-06-01 16:55:31,033 INFO query_handler - back_to_commands
2021-06-01 16:55:34,365 INFO query_handler - back_to_reservoirs
2021-06-01 16:55:37,286 INFO query_handler - kras
2021-06-01 16:55:42,973 INFO query_handler - levels
2021-06-01 16:55:46,041 INFO query_handler - back_to_commands
2021-06-01 16:55:49,927 INFO query_handler - back_to_reservoirs
2021-06-01 16:55:52,074 INFO query_handler - kras
2021-06-01 16:55:56,925 INFO query_handler - levels
2021-06-01 16:56:00,611 INFO query_handler - fixed&365
2021-06-01 16:56:16,845 INFO query_handler - kras
2021-06-01 16:56:18,517 INFO query_handler - levels
2021-06-01 16:56:21,738 INFO query_handler - manually
2021-06-02 15:09:39,650 INFO query_handler - kras
2021-06-02 15:09:43,544 INFO query_handler - inflow
2021-06-02 15:09:46,605 INFO query_handler - fixed&183
2021-06-02 15:10:08,794 INFO query_handler - kras
2021-06-02 15:10:10,662 INFO query_handler - outflow
2021-06-02 15:10:12,642 INFO query_handler - fixed&365
2021-06-02 23:05:10,747 INFO __threaded_polling - Started polling.
2021-06-02 23:05:16,130 INFO query_handler - kras
2021-06-02 23:05:18,283 INFO query_handler - inflow
2021-06-02 23:05:20,041 INFO query_handler - fixed&183
2021-06-02 23:05:49,051 INFO query_handler - sayany
2021-06-02 23:05:52,186 INFO query_handler - inflow
2021-06-02 23:05:56,674 INFO query_handler - fixed&7
2021-06-02 23:06:24,692 INFO query_handler - kras
2021-06-02 23:06:26,764 INFO query_handler - inflow
2021-06-02 23:06:29,540 INFO query_handler - manually
2021-06-02 23:06:59,142 INFO query_handler - kras
2021-06-02 23:07:01,060 INFO query_handler - levels
2021-06-02 23:07:03,313 INFO query_handler - manually
2021-06-02 23:07:26,456 INFO query_handler - kras
2021-06-02 23:07:32,388 INFO query_handler - inflow
2021-06-02 23:07:34,496 INFO query_handler - manually
2021-06-02 23:12:14,999 INFO __threaded_polling - KeyboardInterrupt received.
2021-06-02 23:12:15,004 INFO __threaded_polling - Stopped polling.
2021-06-02 23:12:15,006 INFO __threaded_polling - Started polling.
2021-06-02 23:17:40,388 INFO __threaded_polling - Started polling.
2021-06-02 23:17:45,120 INFO query_handler - kras
2021-06-02 23:17:47,801 INFO query_handler - inflow
2021-06-02 23:17:49,513 INFO query_handler - fixed&30
2021-06-02 23:18:51,663 INFO __threaded_polling - Started polling.
2021-06-02 23:18:52,851 INFO query_handler - back_to_commands
2021-06-02 23:18:57,203 INFO query_handler - inflow
2021-06-02 23:19:18,312 INFO __threaded_polling - Started polling.
2021-06-02 23:19:21,678 INFO query_handler - ilimsk
2021-06-02 23:19:23,514 INFO query_handler - inflow
2021-06-02 23:19:25,201 INFO query_handler - fixed&30
2021-06-02 23:19:31,579 INFO query_handler - kras
2021-06-02 23:19:32,881 INFO query_handler - inflow
2021-06-02 23:19:34,926 INFO query_handler - fixed&30
2021-06-02 23:20:00,447 INFO query_handler - sayany
2021-06-02 23:20:02,038 INFO query_handler - levels
2021-06-02 23:20:03,997 INFO query_handler - fixed&183
2021-06-02 23:20:15,153 INFO query_handler - kras
2021-06-02 23:20:18,739 INFO query_handler - outflow
2021-06-02 23:20:20,680 INFO query_handler - fixed&183
2021-06-02 23:31:21,265 INFO query_handler - sayany
2021-06-02 23:31:22,885 INFO query_handler - levels
2021-06-02 23:31:25,455 INFO query_handler - manually
2021-06-02 23:31:54,612 INFO query_handler - sayany
2021-06-02 23:31:56,765 INFO query_handler - levels
2021-06-02 23:31:59,003 INFO query_handler - manually
2021-06-02 23:34:07,221 INFO __threaded_polling - Started polling.
2021-06-03 13:11:10,636 INFO query_handler - sayany
2021-06-03 13:11:13,163 INFO query_handler - inflow
2021-06-03 13:11:14,814 INFO query_handler - fixed&183
2021-06-03 13:11:37,744 INFO query_handler - sayany
2021-06-03 13:11:39,303 INFO query_handler - levels
2021-06-03 13:11:41,228 INFO query_handler - fixed&7
2021-06-03 13:11:53,442 INFO query_handler - sayany
2021-06-03 13:11:55,890 INFO query_handler - levels
2021-06-03 13:12:13,966 INFO query_handler - manually
2021-06-03 13:13:01,943 INFO query_handler - sayany
2021-06-03 13:13:03,870 INFO query_handler - levels
2021-06-03 13:13:05,896 INFO query_handler - fixed&30
2021-06-03 13:13:15,446 INFO query_handler - sayany
2021-06-03 13:13:16,903 INFO query_handler - levels
2021-06-03 13:13:18,252 INFO query_handler - fixed&183
2021-06-03 13:13:27,952 INFO query_handler - kras
2021-06-03 13:13:30,414 INFO query_handler - levels
2021-06-03 13:13:31,871 INFO query_handler - fixed&183
2021-06-03 13:13:39,474 INFO query_handler - kras
2021-06-03 13:13:45,056 INFO query_handler - outflow
2021-06-03 13:13:47,673 INFO query_handler - fixed&183
2021-06-03 15:14:19,376 INFO query_handler - kras
2021-06-03 15:14:21,927 INFO query_handler - outflow
2021-06-03 15:14:23,513 INFO query_handler - fixed&183
2021-06-03 15:14:33,936 INFO query_handler - sayany
2021-06-03 15:14:36,294 INFO query_handler - inflow
2021-06-03 15:14:38,169 INFO query_handler - fixed&183
2021-06-03 15:14:46,533 INFO query_handler - kras
2021-06-03 15:14:48,651 INFO query_handler - inflow
2021-06-03 15:14:50,615 INFO query_handler - fixed&183
2021-06-04 09:25:50,156 INFO query_handler - mayna
2021-06-04 09:25:51,917 INFO query_handler - levels
2021-06-04 09:25:54,432 INFO query_handler - fixed&183
2021-06-04 16:19:26,040 INFO query_handler - kras
2021-06-04 16:19:29,219 INFO query_handler - outflow
2021-06-04 16:19:33,120 INFO query_handler - fixed&183
2021-06-04 18:32:37,014 INFO query_handler - kras
2021-06-04 18:32:40,940 INFO query_handler - levels
2021-06-04 18:32:44,040 INFO query_handler - fixed&10000
2021-06-04 18:34:44,475 INFO query_handler - kras
2021-06-04 18:34:48,796 INFO query_handler - levels
2021-06-04 18:34:50,338 INFO query_handler - fixed&365
2021-06-05 08:33:50,695 INFO __threaded_polling - Started polling.
2021-06-05 22:47:07,404 INFO __threaded_polling - Started polling.
